<?xml version="1.0" encoding="UTF-8"?>
<robot generator="Robot 6.0.2 (Python 3.11.1 on win32)" generated="20230123 19:00:48.465" rpa="false" schemaversion="3">
<suite id="s1" name="GoogleSearch" source="C:\Users\Hp\PycharmProjects\RobotFrameworkDemo\Tests\Google\FunctionalTestSuite\GoogleSearch.robot">
<test id="s1-t1" name="This is sample test case" line="10">
<kw name="Open Browser" library="SeleniumLibrary">
<arg>${baseUrl}</arg>
<arg>${browserName}</arg>
<doc>Opens a new browser instance to the optional ``url``.</doc>
<msg timestamp="20230123 19:00:49.475" level="INFO">Opening browser 'headlesschrome' to base url 'https://www.google.com'.</msg>
<status status="PASS" starttime="20230123 19:00:49.475" endtime="20230123 19:00:56.588"/>
</kw>
<kw name="Maximize Browser Window" library="SeleniumLibrary">
<doc>Maximizes current browser window.</doc>
<status status="PASS" starttime="20230123 19:00:56.589" endtime="20230123 19:00:56.846"/>
</kw>
<kw name="Input Text" library="SeleniumLibrary">
<arg>${input_search}</arg>
<arg>selenium</arg>
<doc>Types the given ``text`` into the text field identified by ``locator``.</doc>
<msg timestamp="20230123 19:00:56.849" level="INFO">Typing text 'selenium' into text field 'name:q'.</msg>
<status status="PASS" starttime="20230123 19:00:56.847" endtime="20230123 19:00:57.196"/>
</kw>
<kw name="Sleep" library="BuiltIn">
<arg>2s</arg>
<doc>Pauses the test executed for the given time.</doc>
<msg timestamp="20230123 19:00:59.210" level="INFO">Slept 2 seconds</msg>
<status status="PASS" starttime="20230123 19:00:57.208" endtime="20230123 19:00:59.211"/>
</kw>
<kw name="Close Browser" library="SeleniumLibrary">
<doc>Closes the current browser.</doc>
<status status="PASS" starttime="20230123 19:00:59.219" endtime="20230123 19:01:01.356"/>
</kw>
<doc>Google test</doc>
<tag>regression</tag>
<status status="PASS" starttime="20230123 19:00:49.475" endtime="20230123 19:01:01.356"/>
</test>
<status status="PASS" starttime="20230123 19:00:48.465" endtime="20230123 19:01:01.356"/>
</suite>
<statistics>
<total>
<stat pass="1" fail="0" skip="0">All Tests</stat>
</total>
<tag>
<stat pass="1" fail="0" skip="0">regression</stat>
</tag>
<suite>
<stat pass="1" fail="0" skip="0" id="s1" name="GoogleSearch">GoogleSearch</stat>
</suite>
</statistics>
<errors>
</errors>
</robot>
